<?xml version="1.0" encoding="utf-8"?><testsuites name="pytest tests"><testsuite name="pytest" errors="0" failures="0" skipped="0" tests="11" time="1.556" timestamp="2026-04-28T12:36:29.918254+00:00" hostname="agent-env-23b94589-1b76-4fdc-8dc9-4b69ec6bdf34"><testcase classname="backend.tests.test_iteration54_completeness.TestProfileCompletenessUnit" name="test_empty_doc_score_zero" time="0.000" /><testcase classname="backend.tests.test_iteration54_completeness.TestProfileCompletenessUnit" name="test_all_required_passing" time="0.000" /><testcase classname="backend.tests.test_iteration54_completeness.TestProfileCompletenessUnit" name="test_telehealth_satisfies_office_requirement" time="0.000" /><testcase classname="backend.tests.test_iteration54_completeness.TestProfileCompletenessUnit" name="test_short_bio_blocks_publishable" time="0.000" /><testcase classname="backend.tests.test_iteration54_completeness.TestProfileCompletenessUnit" name="test_all_fields_score_100" time="0.000" /><testcase classname="backend.tests.test_iteration54_completeness.TestAdminCompletenessRoster" name="test_unauth_blocked" time="0.345" /><testcase classname="backend.tests.test_iteration54_completeness.TestAdminCompletenessRoster" name="test_returns_aggregate" time="0.132" /><testcase classname="backend.tests.test_iteration54_completeness.TestClaimCampaign" name="test_dry_run_does_not_send" time="0.129" /><testcase classname="backend.tests.test_iteration54_completeness.TestClaimCampaign" name="test_selected_mode_requires_ids" time="0.109" /><testcase classname="backend.tests.test_iteration54_completeness.TestClaimCampaign" name="test_send_to_specific_therapist_marks_claim_sent" time="0.588" /><testcase classname="backend.tests.test_iteration54_completeness.TestPortalCompletenessPayload" name="test_completeness_block_present" time="0.130" /></testsuite></testsuites>