<?xml version="1.0" encoding="utf-8"?><testsuites name="pytest tests"><testsuite name="pytest" errors="0" failures="0" skipped="0" tests="6" time="2.172" timestamp="2026-04-28T22:15:22.263697+00:00" hostname="agent-env-23b94589-1b76-4fdc-8dc9-4b69ec6bdf34"><testcase classname="tests.test_iteration69_priorities_botdef.TestBotDefenses" name="test_honeypot_rejects" time="0.253" /><testcase classname="tests.test_iteration69_priorities_botdef.TestBotDefenses" name="test_timing_too_fast_rejects" time="0.157" /><testcase classname="tests.test_iteration69_priorities_botdef.TestBotDefenses" name="test_ip_rate_limit_4th_is_429" time="1.280" /><testcase classname="tests.test_iteration69_priorities_botdef.TestPriorityIntake" name="test_intake_with_priority_factors_persists" time="0.423" /><testcase classname="tests.test_iteration69_priorities_botdef.TestPriorityWeights" name="test_specialty_priority_boosts_issues_axis" time="0.001" /><testcase classname="tests.test_iteration69_priorities_botdef.TestPriorityWeights" name="test_strict_mode_filters_zero_axis" time="0.000" /></testsuite></testsuites>