<?xml version="1.0" encoding="utf-8"?><testsuites name="pytest tests"><testsuite name="pytest" errors="0" failures="0" skipped="0" tests="34" time="7.892" timestamp="2026-04-28T15:42:00.636703+00:00" hostname="agent-env-23b94589-1b76-4fdc-8dc9-4b69ec6bdf34"><testcase classname="tests.test_iteration58_site_copy.TestSiteCopy" name="test_public_get_site_copy_ok" time="0.184" /><testcase classname="tests.test_iteration58_site_copy.TestSiteCopy" name="test_admin_list_site_copy_requires_auth" time="0.139" /><testcase classname="tests.test_iteration58_site_copy.TestSiteCopy" name="test_admin_list_site_copy_ok" time="0.111" /><testcase classname="tests.test_iteration58_site_copy.TestSiteCopy" name="test_upsert_get_delete_round_trip" time="0.442" /><testcase classname="tests.test_iteration58_site_copy.TestSiteCopy" name="test_put_validation" time="0.054" /><testcase classname="tests.test_iteration58_site_copy.TestAutoDeclineDuplicates" name="test_unauth_blocked" time="0.133" /><testcase classname="tests.test_iteration58_site_copy.TestAutoDeclineDuplicates" name="test_dry_run_returns_matched" time="0.101" /><testcase classname="tests.test_iteration58_site_copy.TestAutoDeclineDuplicates" name="test_dry_run_does_not_change_pending_count" time="0.234" /><testcase classname="tests.test_iteration57_match_gap" name="test_dopl_link_uses_new_edopl_url" time="0.223" /><testcase classname="tests.test_iteration57_match_gap" name="test_request_detail_includes_match_gap_when_under_30" time="0.645" /><testcase classname="tests.test_iteration57_match_gap" name="test_pending_therapists_attach_value_tags" time="0.147" /><testcase classname="tests.test_iteration57_match_gap" name="test_non_pending_therapists_have_no_value_tags" time="0.185" /><testcase classname="tests.test_iteration55_rate_limit" name="test_get_intake_rate_limit_defaults" time="0.260" /><testcase classname="tests.test_iteration55_rate_limit" name="test_put_intake_rate_limit_invalid[payload0]" time="0.168" /><testcase classname="tests.test_iteration55_rate_limit" name="test_put_intake_rate_limit_invalid[payload1]" time="0.174" /><testcase classname="tests.test_iteration55_rate_limit" name="test_put_intake_rate_limit_invalid[payload2]" time="0.165" /><testcase classname="tests.test_iteration55_rate_limit" name="test_put_intake_rate_limit_invalid[payload3]" time="0.194" /><testcase classname="tests.test_iteration55_rate_limit" name="test_put_intake_rate_limit_invalid[payload4]" time="0.188" /><testcase classname="tests.test_iteration55_rate_limit" name="test_put_then_get_round_trip" time="0.205" /><testcase classname="tests.test_iteration55_rate_limit" name="test_second_post_blocked_by_default" time="0.398" /><testcase classname="tests.test_iteration55_rate_limit" name="test_raised_limit_allows_second_submission" time="0.649" /><testcase classname="tests.test_iteration55_rate_limit" name="test_get_requires_admin" time="0.249" /><testcase classname="tests.test_iteration55_rate_limit" name="test_put_requires_admin" time="0.164" /><testcase classname="tests.test_iteration3_rate_limit" name="test_login_correct_returns_ok" time="0.159" /><testcase classname="tests.test_iteration3_rate_limit" name="test_wrong_password_decrement_message" time="0.272" /><testcase classname="tests.test_iteration3_rate_limit" name="test_lockout_429_after_5_failures_even_with_correct_password" time="0.323" /><testcase classname="tests.test_iteration3_rate_limit" name="test_success_resets_failure_counter" time="0.324" /><testcase classname="tests.test_iteration3_rate_limit" name="test_regression_root" time="0.057" /><testcase classname="tests.test_iteration3_rate_limit" name="test_regression_admin_stats" time="0.057" /><testcase classname="tests.test_iteration3_rate_limit" name="test_regression_admin_requests" time="0.192" /><testcase classname="tests.test_iteration3_rate_limit" name="test_regression_admin_therapists" time="0.086" /><testcase classname="tests.test_iteration3_rate_limit" name="test_regression_therapist_signup_then_approve" time="0.221" /><testcase classname="tests.test_iteration3_rate_limit" name="test_regression_request_create_and_verify" time="0.370" /><testcase classname="tests.test_iteration3_rate_limit" name="test_lifespan_started_sweep_loop_log" time="0.321" /></testsuite></testsuites>