<?xml version="1.0" encoding="utf-8"?><testsuites name="pytest tests"><testsuite name="pytest" errors="0" failures="1" skipped="0" tests="19" time="5.372" timestamp="2026-04-26T18:52:42.063770+00:00" hostname="agent-env-23b94589-1b76-4fdc-8dc9-4b69ec6bdf34"><testcase classname="backend.tests.test_iteration5_auth.TestRequestCode" name="test_patient_request_creates_code" time="0.284" /><testcase classname="backend.tests.test_iteration5_auth.TestRequestCode" name="test_therapist_known_email_creates_code" time="0.176" /><testcase classname="backend.tests.test_iteration5_auth.TestRequestCode" name="test_therapist_unknown_email_silent_success" time="0.152" /><testcase classname="backend.tests.test_iteration5_auth.TestRequestCode" name="test_invalid_role_rejected" time="0.145" /><testcase classname="backend.tests.test_iteration5_auth.TestRequestCode" name="test_rate_limit_6th_returns_429" time="0.831" /><testcase classname="backend.tests.test_iteration5_auth.TestVerifyCode" name="test_correct_code_returns_token" time="0.239" /><testcase classname="backend.tests.test_iteration5_auth.TestVerifyCode" name="test_wrong_code_returns_401" time="0.281" /><testcase classname="backend.tests.test_iteration5_auth.TestVerifyCode" name="test_second_use_of_same_code_fails" time="0.380" /><testcase classname="backend.tests.test_iteration5_auth.TestPortalMe" name="test_me_with_patient_token" time="0.393" /><testcase classname="backend.tests.test_iteration5_auth.TestPortalMe" name="test_missing_token_401" time="0.134" /><testcase classname="backend.tests.test_iteration5_auth.TestPortalMe" name="test_invalid_token_401" time="0.111" /><testcase classname="backend.tests.test_iteration5_auth.TestPatientRequests" name="test_returns_patient_requests" time="0.449" /><testcase classname="backend.tests.test_iteration5_auth.TestPatientRequests" name="test_cross_role_blocked_403" time="0.347" /><testcase classname="backend.tests.test_iteration5_auth.TestTherapistReferrals" name="test_plus_email_returns_referrals" time="0.387" /><testcase classname="backend.tests.test_iteration5_auth.TestTherapistReferrals" name="test_cross_role_patient_blocked_403" time="0.360" /><testcase classname="backend.tests.test_iteration5_auth.TestRegression" name="test_root" time="0.107" /><testcase classname="backend.tests.test_iteration5_auth.TestRegression" name="test_admin_login_wrong" time="0.116" /><testcase classname="backend.tests.test_iteration5_auth.TestRegression" name="test_admin_login_right" time="0.118" /><testcase classname="backend.tests.test_iteration5_auth.TestRegression" name="test_create_request_then_verify_smoke" time="0.144"><failure message="AssertionError: {&quot;detail&quot;:[{&quot;type&quot;:&quot;missing&quot;,&quot;loc&quot;:[&quot;body&quot;,&quot;client_age&quot;],&quot;msg&quot;:&quot;Field required&quot;,&quot;input&quot;:{&quot;name&quot;:&quot;TEST_iter5_user&quot;,&quot;email&quot;:&quot;TEST_iter5_smoke@example.com&quot;,&quot;phone&quot;:&quot;208-555-0100&quot;,&quot;age&quot;:30,&quot;state&quot;:&quot;ID&quot;,&quot;city&quot;:&quot;Boise&quot;,&quot;presenting_issues&quot;:&quot;anxiety, mild depression&quot;,&quot;preferred_modality&quot;:&quot;telehealth&quot;,&quot;payment_type&quot;:&quot;cash&quot;,&quot;cash_budget&quot;:150,&quot;consent&quot;:true},&quot;url&quot;:&quot;https://errors.pydantic.dev/2.12/v/missing&quot;},{&quot;type&quot;:&quot;missing&quot;,&quot;loc&quot;:[&quot;body&quot;,&quot;location_state&quot;],&quot;msg&quot;:&quot;Field required&quot;,&quot;input&quot;:{&quot;name&quot;:&quot;TEST_iter5_user&quot;,&quot;email&quot;:&quot;TEST_iter5_smoke@example.com&quot;,&quot;phone&quot;:&quot;208-555-0100&quot;,&quot;age&quot;:30,&quot;state&quot;:&quot;ID&quot;,&quot;city&quot;:&quot;Boise&quot;,&quot;presenting_issues&quot;:&quot;anxiety, mild depression&quot;,&quot;preferred_modality&quot;:&quot;telehealth&quot;,&quot;payment_type&quot;:&quot;cash&quot;,&quot;cash_budget&quot;:150,&quot;consent&quot;:true},&quot;url&quot;:&quot;https://errors.pydantic.dev/2.12/v/missing&quot;}]}&#10;assert 422 in (200, 201)&#10; +  where 422 = &lt;Response [422]&gt;.status_code">backend/tests/test_iteration5_auth.py:238: in test_create_request_then_verify_smoke
    assert r.status_code in (200, 201), r.text
E   AssertionError: {"detail":[{"type":"missing","loc":["body","client_age"],"msg":"Field required","input":{"name":"TEST_iter5_user","email":"TEST_iter5_smoke@example.com","phone":"208-555-0100","age":30,"state":"ID","city":"Boise","presenting_issues":"anxiety, mild depression","preferred_modality":"telehealth","payment_type":"cash","cash_budget":150,"consent":true},"url":"https://errors.pydantic.dev/2.12/v/missing"},{"type":"missing","loc":["body","location_state"],"msg":"Field required","input":{"name":"TEST_iter5_user","email":"TEST_iter5_smoke@example.com","phone":"208-555-0100","age":30,"state":"ID","city":"Boise","presenting_issues":"anxiety, mild depression","preferred_modality":"telehealth","payment_type":"cash","cash_budget":150,"consent":true},"url":"https://errors.pydantic.dev/2.12/v/missing"}]}
E   assert 422 in (200, 201)
E    +  where 422 = &lt;Response [422]&gt;.status_code</failure></testcase></testsuite></testsuites>