<?xml version="1.0" encoding="utf-8"?><testsuites name="pytest tests"><testsuite name="pytest" errors="0" failures="0" skipped="0" tests="21" time="0.676" timestamp="2026-04-29T11:38:45.218020+00:00" hostname="agent-env-23b94589-1b76-4fdc-8dc9-4b69ec6bdf34"><testcase classname="tests.test_iteration82_matching_refactor.TestPrimaryConcern" name="test_pass_when_in_primary" time="0.001" /><testcase classname="tests.test_iteration82_matching_refactor.TestPrimaryConcern" name="test_pass_when_in_secondary" time="0.000" /><testcase classname="tests.test_iteration82_matching_refactor.TestPrimaryConcern" name="test_pass_when_in_general" time="0.000" /><testcase classname="tests.test_iteration82_matching_refactor.TestPrimaryConcern" name="test_fail_when_not_in_any_list" time="0.000" /><testcase classname="tests.test_iteration82_matching_refactor.TestPrimaryConcern" name="test_pass_when_only_other_or_empty" time="0.000" /><testcase classname="tests.test_iteration82_matching_refactor.TestPaymentPass" name="test_insurance_soft_permissive_with_budget_fit" time="0.000" /><testcase classname="tests.test_iteration82_matching_refactor.TestPaymentPass" name="test_insurance_strict_filters_carrier_mismatch" time="0.000" /><testcase classname="tests.test_iteration82_matching_refactor.TestPaymentPass" name="test_insurance_strict_passes_when_carrier_matches" time="0.000" /><testcase classname="tests.test_iteration82_matching_refactor.TestAvailabilityPass" name="test_soft_mode_always_passes" time="0.000" /><testcase classname="tests.test_iteration82_matching_refactor.TestAvailabilityPass" name="test_strict_requires_window_overlap" time="0.000" /><testcase classname="tests.test_iteration82_matching_refactor.TestAvailabilityPass" name="test_strict_passes_with_overlap" time="0.000" /><testcase classname="tests.test_iteration82_matching_refactor.TestAvailabilityPass" name="test_strict_with_flexible_passes" time="0.000" /><testcase classname="tests.test_iteration82_matching_refactor.TestUrgencyPass" name="test_soft_mode_always_passes" time="0.000" /><testcase classname="tests.test_iteration82_matching_refactor.TestUrgencyPass" name="test_strict_asap_requires_asap_or_2_3wks" time="0.000" /><testcase classname="tests.test_iteration82_matching_refactor.TestScoreTherapistResearchCache" name="test_no_cache_no_bonus" time="0.000" /><testcase classname="tests.test_iteration82_matching_refactor.TestScoreTherapistResearchCache" name="test_warm_cache_adds_research_bonus" time="0.301" /><testcase classname="tests.test_iteration82_matching_refactor.TestScoreTherapistResearchCache" name="test_malformed_cache_doesnt_break_scoring" time="0.000" /><testcase classname="tests.test_iteration82_matching_refactor.TestDeclineHistoryPenalty" name="test_decline_penalty_minus_10" time="0.018" /><testcase classname="tests.test_iteration82_matching_refactor.TestRequestApiNewFields" name="test_request_create_model_accepts_new_strict_toggles" time="0.040" /><testcase classname="tests.test_iteration82_matching_refactor.TestRequestApiNewFields" name="test_request_create_defaults_strict_to_false" time="0.000" /><testcase classname="tests.test_iteration82_matching_refactor.TestRequestApiNewFields" name="test_post_requests_endpoint_reachable" time="0.215" /></testsuite></testsuites>