<?xml version="1.0" encoding="utf-8"?><testsuites name="pytest tests"><testsuite name="pytest" errors="0" failures="0" skipped="0" tests="16" time="6.280" timestamp="2026-04-28T18:40:27.206635+00:00" hostname="agent-env-23b94589-1b76-4fdc-8dc9-4b69ec6bdf34"><testcase classname="tests.test_iteration63_research_enrichment.TestResearchEnrichmentToggle" name="test_get_returns_expected_shape" time="0.258" /><testcase classname="tests.test_iteration63_research_enrichment.TestResearchEnrichmentToggle" name="test_put_enable_then_disable_roundtrip" time="0.479" /><testcase classname="tests.test_iteration63_research_enrichment.TestResearchEnrichmentToggle" name="test_run_on_missing_request_returns_error_not_500" time="0.158" /><testcase classname="tests.test_iteration63_research_enrichment.TestResearchEnrichmentToggle" name="test_get_requires_admin_header" time="0.112" /><testcase classname="tests.test_iteration63_research_enrichment.TestResearchEnrichmentToggle" name="test_put_requires_admin_header" time="0.100" /><testcase classname="tests.test_iteration63_research_enrichment.TestResearchEnrichmentToggle" name="test_run_requires_admin_header" time="0.101" /><testcase classname="tests.test_iteration63_research_enrichment.TestScoreResearchAxes" name="test_ann_omodt_anxiety_evidence_depth" time="0.275" /><testcase classname="tests.test_iteration63_research_enrichment.TestScoreResearchAxes" name="test_get_or_build_research_caches" time="0.004" /><testcase classname="tests.test_iteration63_research_enrichment.TestScoreApplyFit" name="test_empty_apply_message_returns_zero" time="0.004" /><testcase classname="tests.test_iteration63_research_enrichment.TestScoreApplyFit" name="test_non_empty_apply_message_returns_in_range" time="3.659" /><testcase classname="tests.test_iteration63_research_enrichment.TestAdminRequestDetailKeys" name="test_notified_therapists_include_enriched_keys" time="0.524" /><testcase classname="tests.test_iteration63_research_enrichment.TestDbCleanupSnapshot" name="test_collection_counts" time="0.004" /><testcase classname="tests.test_iteration63_research_enrichment.TestDbCleanupSnapshot" name="test_therapist_counts_by_source" time="0.001" /><testcase classname="tests.test_iteration63_research_enrichment.TestRegressionsIter61And62" name="test_intake_rate_limit_get" time="0.110" /><testcase classname="tests.test_iteration63_research_enrichment.TestRegressionsIter61And62" name="test_scrape_sources_list" time="0.146" /><testcase classname="tests.test_iteration63_research_enrichment.TestRegressionsIter61And62" name="test_scrape_sources_test_endpoint_validates" time="0.258" /></testsuite></testsuites>