<?xml version="1.0" encoding="utf-8"?><testsuites name="pytest tests"><testsuite name="pytest" errors="0" failures="0" skipped="0" tests="4" time="1.750" timestamp="2026-04-27T15:11:15.207580+00:00" hostname="agent-env-23b94589-1b76-4fdc-8dc9-4b69ec6bdf34"><testcase classname="test_iteration25_multi_exp_outreach" name="test_experience_preference_accepts_list" time="0.581" /><testcase classname="test_iteration25_multi_exp_outreach" name="test_experience_preference_legacy_string_still_works" time="0.388" /><testcase classname="test_iteration25_multi_exp_outreach" name="test_apply_page_payment_summary_shows_actual_values" time="0.331" /><testcase classname="test_iteration25_multi_exp_outreach" name="test_admin_outreach_endpoint_returns_invites_shape" time="0.186" /></testsuite></testsuites>