<?xml version="1.0" encoding="utf-8"?><testsuites name="pytest tests"><testsuite name="pytest" errors="0" failures="0" skipped="0" tests="5" time="2.657" timestamp="2026-04-27T01:34:26.858370+00:00" hostname="agent-env-23b94589-1b76-4fdc-8dc9-4b69ec6bdf34"><testcase classname="backend.tests.test_iteration15_daily_tasks" name="test_signup_persists_new_fields" time="0.309" /><testcase classname="backend.tests.test_iteration15_daily_tasks" name="test_admin_run_daily_tasks_endpoint" time="1.025" /><testcase classname="backend.tests.test_iteration15_daily_tasks" name="test_admin_run_daily_tasks_idempotent" time="0.693" /><testcase classname="backend.tests.test_iteration15_daily_tasks" name="test_portal_session_requires_stripe_customer" time="0.329" /><testcase classname="backend.tests.test_iteration15_daily_tasks" name="test_admin_update_license_fields_whitelisted" time="0.243" /></testsuite></testsuites>