<?xml version="1.0" encoding="utf-8"?><testsuites name="pytest tests"><testsuite name="pytest" errors="0" failures="0" skipped="0" tests="10" time="3.553" timestamp="2026-04-27T12:08:39.218017+00:00" hostname="agent-env-23b94589-1b76-4fdc-8dc9-4b69ec6bdf34"><testcase classname="test_iteration20_stripe_webhook_e2e" name="test_initial_status_is_incomplete" time="0.275" /><testcase classname="test_iteration20_stripe_webhook_e2e" name="test_subscription_created_webhook_flips_to_trialing" time="0.250" /><testcase classname="test_iteration20_stripe_webhook_e2e" name="test_subscription_canceled_webhook_flips_to_canceled" time="0.251" /><testcase classname="test_iteration21_patient_validation" name="test_disposable_email_rejected" time="0.123" /><testcase classname="test_iteration21_patient_validation" name="test_implausible_email_rejected_at_pydantic_layer" time="0.110" /><testcase classname="test_iteration21_patient_validation" name="test_zip_state_mismatch_rejected" time="0.119" /><testcase classname="test_iteration21_patient_validation" name="test_zip_city_mismatch_rejected" time="0.099" /><testcase classname="test_iteration21_patient_validation" name="test_valid_payload_accepted" time="0.324" /><testcase classname="test_iteration21_patient_validation" name="test_sms_opt_in_field_persisted" time="0.653" /><testcase classname="test_iteration21_patient_validation" name="test_referral_source_aggregate_endpoint" time="0.995" /></testsuite></testsuites>