<?xml version="1.0" encoding="utf-8"?><testsuites name="pytest tests"><testsuite name="pytest" errors="0" failures="0" skipped="0" tests="10" time="5.007" timestamp="2026-04-26T20:45:31.393971+00:00" hostname="agent-env-23b94589-1b76-4fdc-8dc9-4b69ec6bdf34"><testcase classname="backend.tests.test_iteration8_payment_insurance.TestPatientPaymentFields" name="test_either_with_insurance_and_budget_persists" time="0.567" /><testcase classname="backend.tests.test_iteration8_payment_insurance.TestPatientPaymentFields" name="test_insurance_only_persists" time="0.298" /><testcase classname="backend.tests.test_iteration8_payment_insurance.TestPatientPaymentFields" name="test_cash_only_persists" time="0.282" /><testcase classname="backend.tests.test_iteration8_payment_insurance.TestPatientPaymentFields" name="test_idaho_insurer_options_accepted" time="1.559" /><testcase classname="backend.tests.test_iteration8_payment_insurance.TestTherapistSignupIter8" name="test_signup_with_sliding_scale_and_multi_insurance" time="1.777" /><testcase classname="backend.tests.test_iteration8_payment_insurance.TestTherapistSignupIter8" name="test_signup_sliding_scale_default_false" time="0.200" /><testcase classname="backend.tests.test_iteration8_payment_insurance.TestMatchingRegressionIter8" name="test_blue_cross_filter" time="0.093" /><testcase classname="backend.tests.test_iteration8_payment_insurance.TestAdminRegressionIter8" name="test_admin_login" time="0.052" /><testcase classname="backend.tests.test_iteration8_payment_insurance.TestAdminRegressionIter8" name="test_admin_stats" time="0.054" /><testcase classname="backend.tests.test_iteration8_payment_insurance.TestAdminRegressionIter8" name="test_admin_pending_therapists_list" time="0.053" /></testsuite></testsuites>