<?xml version="1.0" encoding="utf-8"?><testsuites name="pytest tests"><testsuite name="pytest" errors="0" failures="0" skipped="0" tests="11" time="1.724" timestamp="2026-04-26T13:26:09.168398+00:00" hostname="agent-env-23b94589-1b76-4fdc-8dc9-4b69ec6bdf34"><testcase classname="tests.test_iteration3_rate_limit" name="test_login_correct_returns_ok" time="0.162" /><testcase classname="tests.test_iteration3_rate_limit" name="test_wrong_password_decrement_message" time="0.217" /><testcase classname="tests.test_iteration3_rate_limit" name="test_lockout_429_after_5_failures_even_with_correct_password" time="0.343" /><testcase classname="tests.test_iteration3_rate_limit" name="test_success_resets_failure_counter" time="0.305" /><testcase classname="tests.test_iteration3_rate_limit" name="test_regression_root" time="0.064" /><testcase classname="tests.test_iteration3_rate_limit" name="test_regression_admin_stats" time="0.051" /><testcase classname="tests.test_iteration3_rate_limit" name="test_regression_admin_requests" time="0.069" /><testcase classname="tests.test_iteration3_rate_limit" name="test_regression_admin_therapists" time="0.063" /><testcase classname="tests.test_iteration3_rate_limit" name="test_regression_therapist_signup_then_approve" time="0.206" /><testcase classname="tests.test_iteration3_rate_limit" name="test_regression_request_create_and_verify" time="0.174" /><testcase classname="tests.test_iteration3_rate_limit" name="test_lifespan_started_sweep_loop_log" time="0.001" /></testsuite></testsuites>