<?xml version="1.0" encoding="utf-8"?><testsuites name="pytest tests"><testsuite name="pytest" errors="0" failures="0" skipped="0" tests="4" time="0.932" timestamp="2026-04-29T21:21:59.471609+00:00" hostname="agent-env-23b94589-1b76-4fdc-8dc9-4b69ec6bdf34"><testcase classname="tests.test_iteration95_hard_chips_turnstile.TestTurnstileGate" name="test_intake_missing_turnstile_token_rejected" time="0.254" /><testcase classname="tests.test_iteration95_hard_chips_turnstile.TestTurnstileGate" name="test_intake_invalid_turnstile_token_rejected" time="0.323" /><testcase classname="tests.test_iteration95_hard_chips_turnstile.TestTurnstileService" name="test_remoteip_argument_accepted_but_ignored" time="0.054" /><testcase classname="tests.test_iteration95_hard_chips_turnstile.TestHardChipDataSurface" name="test_public_view_returns_all_hard_flags" time="0.144" /></testsuite></testsuites>