<?xml version="1.0" encoding="utf-8"?><testsuites name="pytest tests"><testsuite name="pytest" errors="0" failures="0" skipped="0" tests="9" time="2.689" timestamp="2026-04-30T02:17:01.679472+00:00" hostname="agent-env-23b94589-1b76-4fdc-8dc9-4b69ec6bdf34"><testcase classname="tests.test_iteration103_bundle.TestScoreCap" name="test_total_capped_at_95" time="0.001" /><testcase classname="tests.test_iteration103_bundle.TestScoreCap" name="test_filter_minus_one_preserved" time="0.000" /><testcase classname="tests.test_iteration103_bundle.TestEmailTemplatesModule" name="test_defaults_contains_required_keys" time="0.075" /><testcase classname="tests.test_iteration103_bundle.TestHardCapacityModule" name="test_disabled_includes_client_type_and_age_group" time="0.017" /><testcase classname="tests.test_iteration103_bundle.TestOutreachAgentSanity" name="test_template_overrides_loader_exists" time="1.707" /><testcase classname="tests.test_iteration103_bundle.TestAdminEmailTemplates" name="test_list_includes_required_templates" time="0.233" /><testcase classname="tests.test_iteration103_bundle.TestAdminEmailTemplates" name="test_put_new_referral_inquiry_persists" time="0.260" /><testcase classname="tests.test_iteration103_bundle.TestAdminHardCapacity" name="test_endpoint_returns_full_axis_data" time="0.108" /><testcase classname="tests.test_iteration103_bundle.TestRegressionScoreCap95" name="test_no_request_response_exceeds_95" time="0.191" /></testsuite></testsuites>