<?xml version="1.0" encoding="utf-8"?><testsuites name="pytest tests"><testsuite name="pytest" errors="0" failures="0" skipped="0" tests="7" time="1.398" timestamp="2026-04-30T00:53:22.584751+00:00" hostname="agent-env-23b94589-1b76-4fdc-8dc9-4b69ec6bdf34"><testcase classname="tests.test_iteration101_score_cap_prelaunch.TestPrelaunchInviteTemplate" name="test_list_includes_prelaunch_invite" time="0.211" /><testcase classname="tests.test_iteration101_score_cap_prelaunch.TestPrelaunchInviteTemplate" name="test_prelaunch_invite_has_expected_fields" time="0.151" /><testcase classname="tests.test_iteration101_score_cap_prelaunch.TestPrelaunchInviteTemplate" name="test_put_prelaunch_invite_persists_and_reset" time="0.593" /><testcase classname="tests.test_iteration101_score_cap_prelaunch.TestScoreCap" name="test_score_total_capped_at_99" time="0.109" /><testcase classname="tests.test_iteration101_score_cap_prelaunch.TestScoreCap" name="test_filtered_sentinel_not_capped" time="0.000" /><testcase classname="tests.test_iteration101_score_cap_prelaunch.TestHardCapacityUrgency" name="test_urgency_strict_is_not_all_three" time="0.147" /><testcase classname="tests.test_iteration101_score_cap_prelaunch.TestHardCapacityUrgency" name="test_urgency_counts_present" time="0.112" /></testsuite></testsuites>