<?xml version="1.0" encoding="utf-8"?><testsuites name="pytest tests"><testsuite name="pytest" errors="0" failures="0" skipped="0" tests="20" time="0.937" timestamp="2026-04-26T21:16:39.337901+00:00" hostname="agent-env-23b94589-1b76-4fdc-8dc9-4b69ec6bdf34"><testcase classname="backend.tests.test_iteration10_consult_admin_payment.TestPaymentFitAxis" name="test_payment_fit_3_when_both_true" time="0.000" /><testcase classname="backend.tests.test_iteration10_consult_admin_payment.TestPaymentFitAxis" name="test_payment_fit_zero_when_patient_false" time="0.000" /><testcase classname="backend.tests.test_iteration10_consult_admin_payment.TestPaymentFitAxis" name="test_payment_fit_zero_when_therapist_false" time="0.000" /><testcase classname="backend.tests.test_iteration10_consult_admin_payment.TestPaymentFitAxis" name="test_total_capped_at_100" time="0.000" /><testcase classname="backend.tests.test_iteration10_consult_admin_payment.TestInsuranceOtherSkip" name="test_other_skips_filter_when_no_insurance_accepted" time="0.000" /><testcase classname="backend.tests.test_iteration10_consult_admin_payment.TestInsuranceOtherSkip" name="test_other_lowercase_also_skips" time="0.000" /><testcase classname="backend.tests.test_iteration10_consult_admin_payment.TestInsuranceOtherSkip" name="test_specific_insurance_still_filters_when_no_match" time="0.000" /><testcase classname="backend.tests.test_iteration10_consult_admin_payment.TestInsuranceOtherSkip" name="test_breakdown_has_9_keys_regression" time="0.000" /><testcase classname="backend.tests.test_iteration10_consult_admin_payment.TestRegressionHardFilters" name="test_state_filter" time="0.000" /><testcase classname="backend.tests.test_iteration10_consult_admin_payment.TestRegressionHardFilters" name="test_client_type_filter" time="0.000" /><testcase classname="backend.tests.test_iteration10_consult_admin_payment.TestRegressionHardFilters" name="test_age_group_filter" time="0.000" /><testcase classname="backend.tests.test_iteration10_consult_admin_payment.TestRegressionHardFilters" name="test_modality_filter" time="0.000" /><testcase classname="backend.tests.test_iteration10_consult_admin_payment.TestAdminListAllTherapists" name="test_no_pending_filter_returns_all" time="0.298" /><testcase classname="backend.tests.test_iteration10_consult_admin_payment.TestAdminListAllTherapists" name="test_unauthorized_without_header" time="0.112" /><testcase classname="backend.tests.test_iteration10_consult_admin_payment.TestAdminUpdateTherapist" name="test_update_whitelisted_fields_persists" time="0.181" /><testcase classname="backend.tests.test_iteration10_consult_admin_payment.TestAdminUpdateTherapist" name="test_unknown_field_rejected_400" time="0.056" /><testcase classname="backend.tests.test_iteration10_consult_admin_payment.TestAdminUpdateTherapist" name="test_unknown_id_returns_404" time="0.056" /><testcase classname="backend.tests.test_iteration10_consult_admin_payment.TestEmailOverride" name="test_send_redirects_to_override_and_prefixes_subject" time="0.002" /><testcase classname="backend.tests.test_iteration10_consult_admin_payment.TestEmailOverride" name="test_no_override_when_env_unset" time="0.001" /><testcase classname="backend.tests.test_iteration10_consult_admin_payment.TestResultsHasConsultData" name="test_results_includes_therapist_email_and_issues" time="0.067" /></testsuite></testsuites>