<?xml version="1.0" encoding="utf-8"?><testsuites name="pytest tests"><testsuite name="pytest" errors="0" failures="1" skipped="0" tests="21" time="6.709" timestamp="2026-04-26T13:57:01.427839+00:00" hostname="agent-env-23b94589-1b76-4fdc-8dc9-4b69ec6bdf34"><testcase classname="backend.tests.test_iteration4_matching" name="test_state_mismatch_is_hard_filter" time="0.000" /><testcase classname="backend.tests.test_iteration4_matching" name="test_perfect_cash_fit_totals_100" time="0.000"><failure message="AssertionError: {'age': 15.0, 'issue': 32.0, 'location': 15.0, 'modality': 10.0, ...}&#10;assert 32.0 == 40.0">backend/tests/test_iteration4_matching.py:137: in test_perfect_cash_fit_totals_100
    assert bd["issue"] == 40.0, bd
E   AssertionError: {'age': 15.0, 'issue': 32.0, 'location': 15.0, 'modality': 10.0, ...}
E   assert 32.0 == 40.0</failure></testcase><testcase classname="backend.tests.test_iteration4_matching" name="test_insurance_match_full_20" time="0.000" /><testcase classname="backend.tests.test_iteration4_matching" name="test_no_issue_match_zero_but_other_axes_pass" time="0.000" /><testcase classname="backend.tests.test_iteration4_matching" name="test_breakdown_keys_unchanged" time="0.000" /><testcase classname="backend.tests.test_iteration4_matching" name="test_rank_filters_out_wrong_state" time="0.000" /><testcase classname="backend.tests.test_iteration4_matching" name="test_rank_auto_lowers_threshold" time="0.000" /><testcase classname="backend.tests.test_iteration4_matching" name="test_rank_returns_top_n_when_zero_above_any_threshold" time="0.000" /><testcase classname="backend.tests.test_iteration4_matching" name="test_e2e_request_verify_triggers_matching" time="4.453" /><testcase classname="backend.tests.test_iteration4_matching" name="test_regression_endpoints_smoke" time="0.384" /><testcase classname="backend.tests.test_iteration3_rate_limit" name="test_login_correct_returns_ok" time="0.141" /><testcase classname="backend.tests.test_iteration3_rate_limit" name="test_wrong_password_decrement_message" time="0.232" /><testcase classname="backend.tests.test_iteration3_rate_limit" name="test_lockout_429_after_5_failures_even_with_correct_password" time="0.257" /><testcase classname="backend.tests.test_iteration3_rate_limit" name="test_success_resets_failure_counter" time="0.260" /><testcase classname="backend.tests.test_iteration3_rate_limit" name="test_regression_root" time="0.045" /><testcase classname="backend.tests.test_iteration3_rate_limit" name="test_regression_admin_stats" time="0.048" /><testcase classname="backend.tests.test_iteration3_rate_limit" name="test_regression_admin_requests" time="0.047" /><testcase classname="backend.tests.test_iteration3_rate_limit" name="test_regression_admin_therapists" time="0.064" /><testcase classname="backend.tests.test_iteration3_rate_limit" name="test_regression_therapist_signup_then_approve" time="0.261" /><testcase classname="backend.tests.test_iteration3_rate_limit" name="test_regression_request_create_and_verify" time="0.437" /><testcase classname="backend.tests.test_iteration3_rate_limit" name="test_lifespan_started_sweep_loop_log" time="0.001" /></testsuite></testsuites>