<?xml version="1.0" encoding="utf-8"?><testsuites name="pytest tests"><testsuite name="pytest" errors="0" failures="0" skipped="0" tests="12" time="35.273" timestamp="2026-04-29T23:31:36.911323+00:00" hostname="agent-env-23b94589-1b76-4fdc-8dc9-4b69ec6bdf34"><testcase classname="tests.test_iteration98_auto_recruit" name="test_status_seeds_defaults" time="0.187" /><testcase classname="tests.test_iteration98_auto_recruit" name="test_status_requires_auth" time="0.110" /><testcase classname="tests.test_iteration98_auto_recruit" name="test_config_merge_patch_whitelist" time="0.155" /><testcase classname="tests.test_iteration98_auto_recruit" name="test_plan_preview" time="0.361" /><testcase classname="tests.test_iteration98_auto_recruit" name="test_run_cycle_returns_doc" time="32.958" /><testcase classname="tests.test_iteration98_auto_recruit" name="test_cycles_history_lists_run" time="0.090" /><testcase classname="tests.test_iteration98_auto_recruit" name="test_drafts_stamped_with_cycle_id" time="0.050" /><testcase classname="tests.test_iteration98_auto_recruit" name="test_approve_requires_filter" time="0.051" /><testcase classname="tests.test_iteration98_auto_recruit" name="test_approve_by_cycle_id" time="0.092" /><testcase classname="tests.test_iteration98_auto_recruit" name="test_paused_when_target_reached" time="0.502" /><testcase classname="tests.test_iteration98_auto_recruit" name="test_skipped_when_disabled" time="0.268" /><testcase classname="tests.test_iteration98_auto_recruit" name="test_cron_imports_auto_recruit_weekly" time="0.382" /></testsuite></testsuites>