<?xml version="1.0" encoding="utf-8"?><testsuites name="pytest tests"><testsuite name="pytest" errors="0" failures="1" skipped="1" tests="10" time="2.469" timestamp="2026-04-28T16:31:24.206227+00:00" hostname="agent-env-23b94589-1b76-4fdc-8dc9-4b69ec6bdf34"><testcase classname="backend.tests.test_iteration60_faqs_and_chunked.TestFaqs" name="test_seed_idempotent" time="0.344" /><testcase classname="backend.tests.test_iteration60_faqs_and_chunked.TestFaqs" name="test_public_list_patient" time="0.125" /><testcase classname="backend.tests.test_iteration60_faqs_and_chunked.TestFaqs" name="test_public_list_invalid_audience" time="0.117" /><testcase classname="backend.tests.test_iteration60_faqs_and_chunked.TestFaqs" name="test_admin_list_filter" time="0.124" /><testcase classname="backend.tests.test_iteration60_faqs_and_chunked.TestFaqs" name="test_create_update_delete_flow" time="0.761" /><testcase classname="backend.tests.test_iteration60_faqs_and_chunked.TestFaqs" name="test_reorder" time="0.502"><failure message="assert 404 == 200&#10; +  where 404 = &lt;Response [404]&gt;.status_code">backend/tests/test_iteration60_faqs_and_chunked.py:142: in test_reorder
    assert r.status_code == 200
E   assert 404 == 200
E    +  where 404 = &lt;Response [404]&gt;.status_code</failure></testcase><testcase classname="backend.tests.test_iteration60_faqs_and_chunked.TestFaqs" name="test_admin_requires_auth" time="0.109" /><testcase classname="backend.tests.test_iteration60_faqs_and_chunked.TestAutoDeclineChunked" name="test_dry_run_fast" time="0.150" /><testcase classname="backend.tests.test_iteration60_faqs_and_chunked.TestAutoDeclineChunked" name="test_chunked_send_function_exists" time="0.000" /><testcase classname="backend.tests.test_iteration60_faqs_and_chunked.TestSyncPaymentReturnsSessionToken" name="test_sync_demo_returns_session_token" time="0.155"><skipped type="pytest.skip" message="Signup payload schema mismatch: {&quot;detail&quot;:[{&quot;type&quot;:&quot;string_type&quot;,&quot;loc&quot;:[&quot;body&quot;,&quot;urgency_capacity&quot;],&quot;msg&quot;:&quot;Input should be a valid string&quot;,&quot;input&quot;:false,&quot;url&quot;:&quot;https://errors.pydantic.dev/2.12/v/string_type&quot;}]}">/app/backend/tests/test_iteration60_faqs_and_chunked.py:232: Signup payload schema mismatch: {"detail":[{"type":"string_type","loc":["body","urgency_capacity"],"msg":"Input should be a valid string","input":false,"url":"https://errors.pydantic.dev/2.12/v/string_type"}]}</skipped></testcase></testsuite></testsuites>