<?xml version="1.0" encoding="utf-8"?><testsuites name="pytest tests"><testsuite name="pytest" errors="0" failures="0" skipped="0" tests="13" time="2.818" timestamp="2026-04-29T22:26:58.307840+00:00" hostname="agent-env-23b94589-1b76-4fdc-8dc9-4b69ec6bdf34"><testcase classname="tests.test_iteration97_simulator.TestSimulatorRun" name="test_run_basic_shape" time="0.296" /><testcase classname="tests.test_iteration97_simulator.TestSimulatorRun" name="test_each_request_report_fields" time="0.000" /><testcase classname="tests.test_iteration97_simulator.TestSimulatorRun" name="test_therapist_pool_nonzero" time="0.000" /><testcase classname="tests.test_iteration97_simulator.TestSimulatorRunsList" name="test_list_runs_after_create" time="0.227" /><testcase classname="tests.test_iteration97_simulator.TestSimulatorRunsList" name="test_get_specific_run" time="0.222" /><testcase classname="tests.test_iteration97_simulator.TestSimulatorRunsList" name="test_get_unknown_run_404" time="0.216" /><testcase classname="tests.test_iteration97_simulator.TestSimulatorAuthAndValidation" name="test_unauth_run_401" time="0.174" /><testcase classname="tests.test_iteration97_simulator.TestSimulatorAuthAndValidation" name="test_unauth_list_401" time="0.144" /><testcase classname="tests.test_iteration97_simulator.TestSimulatorAuthAndValidation" name="test_unauth_get_401" time="0.173" /><testcase classname="tests.test_iteration97_simulator.TestSimulatorAuthAndValidation" name="test_unauth_delete_401" time="0.164" /><testcase classname="tests.test_iteration97_simulator.TestSimulatorAuthAndValidation" name="test_num_requests_too_small_400" time="0.185" /><testcase classname="tests.test_iteration97_simulator.TestSimulatorAuthAndValidation" name="test_num_requests_too_large_400" time="0.210" /><testcase classname="tests.test_iteration97_simulator.TestSimulatorDelete" name="test_create_then_delete" time="0.704" /></testsuite></testsuites>