<?xml version="1.0" encoding="utf-8"?><testsuites name="pytest tests"><testsuite name="pytest" errors="0" failures="0" skipped="0" tests="16" time="5.969" timestamp="2026-04-26T13:06:47.663292+00:00" hostname="agent-env-23b94589-1b76-4fdc-8dc9-4b69ec6bdf34"><testcase classname="tests.test_iteration2_signup" name="test_signup_valid_creates_pending" time="0.212" /><testcase classname="tests.test_iteration2_signup" name="test_signup_duplicate_email_409" time="0.046" /><testcase classname="tests.test_iteration2_signup" name="test_signup_missing_fields_422" time="0.044" /><testcase classname="tests.test_iteration2_signup" name="test_signup_invalid_email_422" time="0.043" /><testcase classname="tests.test_iteration2_signup" name="test_admin_list_pending_only" time="0.049" /><testcase classname="tests.test_iteration2_signup" name="test_admin_list_approved_only" time="0.065" /><testcase classname="tests.test_iteration2_signup" name="test_admin_stats_includes_pending_therapists" time="0.050" /><testcase classname="tests.test_iteration2_signup" name="test_admin_approve_therapist" time="0.190" /><testcase classname="tests.test_iteration2_signup" name="test_admin_reject_therapist" time="0.149" /><testcase classname="tests.test_iteration2_signup" name="test_admin_approve_unknown_404" time="0.046" /><testcase classname="tests.test_iteration2_signup" name="test_admin_approve_unauth" time="0.047" /><testcase classname="tests.test_iteration2_signup" name="test_pending_therapist_excluded_from_matching" time="4.508" /><testcase classname="tests.test_iteration2_signup" name="test_sweep_function_no_crash" time="0.256" /><testcase classname="tests.test_iteration2_signup" name="test_sweep_loop_started_in_logs" time="0.015" /><testcase classname="tests.test_iteration2_signup" name="test_regression_admin_endpoints" time="0.144" /><testcase classname="tests.test_iteration2_signup" name="test_regression_root" time="0.045" /></testsuite></testsuites>