<?xml version="1.0" encoding="utf-8"?><testsuites name="pytest tests"><testsuite name="pytest" errors="0" failures="0" skipped="0" tests="9" time="1.409" timestamp="2026-04-29T00:06:04.713245+00:00" hostname="agent-env-23b94589-1b76-4fdc-8dc9-4b69ec6bdf34"><testcase classname="backend.tests.test_iteration71_turnstile_strict" name="test_backend_health" time="0.308" /><testcase classname="backend.tests.test_iteration71_turnstile_strict" name="test_turnstile_env_present" time="0.000" /><testcase classname="backend.tests.test_iteration71_turnstile_strict" name="test_intake_omit_turnstile_returns_400" time="0.058" /><testcase classname="backend.tests.test_iteration71_turnstile_strict" name="test_intake_invalid_turnstile_returns_400" time="0.160" /><testcase classname="backend.tests.test_iteration71_turnstile_strict" name="test_therapist_signup_omit_turnstile_returns_400" time="0.055" /><testcase classname="backend.tests.test_iteration71_turnstile_strict" name="test_therapist_signup_invalid_turnstile_returns_400" time="0.120" /><testcase classname="backend.tests.test_iteration71_turnstile_strict" name="test_admin_site_copy_list" time="0.051" /><testcase classname="backend.tests.test_iteration71_turnstile_strict" name="test_admin_site_copy_upsert_and_delete_round_trip" time="0.361" /><testcase classname="backend.tests.test_iteration71_turnstile_strict" name="test_admin_site_copy_edit_btn_therapist_cta_headline" time="0.201" /></testsuite></testsuites>