<?xml version="1.0" encoding="utf-8"?><testsuites name="pytest tests"><testsuite name="pytest" errors="0" failures="0" skipped="1" tests="16" time="0.615" timestamp="2026-04-29T13:53:47.239524+00:00" hostname="agent-env-23b94589-1b76-4fdc-8dc9-4b69ec6bdf34"><testcase classname="backend.tests.test_iteration87.TestLanguagePass" name="test_english_skips_filter" time="0.000" /><testcase classname="backend.tests.test_iteration87.TestLanguagePass" name="test_empty_lang_skips_filter" time="0.000" /><testcase classname="backend.tests.test_iteration87.TestLanguagePass" name="test_spanish_strict_match_passes" time="0.000" /><testcase classname="backend.tests.test_iteration87.TestLanguagePass" name="test_spanish_strict_no_match_filters" time="0.000" /><testcase classname="backend.tests.test_iteration87.TestLanguagePass" name="test_spanish_soft_passes_even_if_no_match" time="0.000" /><testcase classname="backend.tests.test_iteration87.TestLanguagePass" name="test_case_insensitive_match" time="0.000" /><testcase classname="backend.tests.test_iteration87.TestScoreLanguageAxis" name="test_spanish_match_adds_4" time="0.000" /><testcase classname="backend.tests.test_iteration87.TestScoreLanguageAxis" name="test_spanish_no_match_adds_0" time="0.000" /><testcase classname="backend.tests.test_iteration87.TestScoreLanguageAxis" name="test_english_skipped_no_axis" time="0.000" /><testcase classname="backend.tests.test_iteration87.TestTherapistSignupModel" name="test_languages_spoken_accepted_and_default" time="0.080" /><testcase classname="backend.tests.test_iteration87.TestTherapistSignupModel" name="test_languages_spoken_defaults_to_empty" time="0.000" /><testcase classname="backend.tests.test_iteration87.TestRequestCreateModel" name="test_preferred_language_and_strict_accepted" time="0.000" /><testcase classname="backend.tests.test_iteration87.TestRequestCreateModel" name="test_defaults_to_english_and_soft" time="0.000" /><testcase classname="backend.tests.test_iteration87.TestEndpointLiveness" name="test_post_requests_reachable" time="0.177" /><testcase classname="backend.tests.test_iteration87.TestEndpointLiveness" name="test_post_therapists_signup_reachable" time="0.105" /><testcase classname="backend.tests.test_iteration87.TestAdminTherapistInsert" name="test_admin_create_with_languages_persists" time="0.166"><skipped type="pytest.skip" message="/api/admin/therapists POST not exposed in this env">/app/backend/tests/test_iteration87.py:243: /api/admin/therapists POST not exposed in this env</skipped></testcase></testsuite></testsuites>