<?xml version="1.0" encoding="utf-8"?><testsuites name="pytest tests"><testsuite name="pytest" errors="0" failures="0" skipped="0" tests="11" time="1.038" timestamp="2026-04-30T01:18:09.078792+00:00" hostname="agent-env-23b94589-1b76-4fdc-8dc9-4b69ec6bdf34"><testcase classname="backend.tests.test_iteration102_literals_and_backfill.TestHardCapacityBackfill" name="test_asap_bucket_now_met" time="0.216" /><testcase classname="backend.tests.test_iteration102_literals_and_backfill.TestHardCapacityBackfill" name="test_asap_not_in_disabled_urgency_strict" time="0.064" /><testcase classname="backend.tests.test_iteration102_literals_and_backfill.TestTherapistSignupLiterals" name="test_valid_signup_is_accepted" time="0.150" /><testcase classname="backend.tests.test_iteration102_literals_and_backfill.TestTherapistSignupLiterals" name="test_bad_scalar_literal_rejected[urgency_capacity-whenever]" time="0.050" /><testcase classname="backend.tests.test_iteration102_literals_and_backfill.TestTherapistSignupLiterals" name="test_bad_scalar_literal_rejected[modality_offering-hybrid]" time="0.048" /><testcase classname="backend.tests.test_iteration102_literals_and_backfill.TestTherapistSignupLiterals" name="test_bad_list_literal_rejected[client_types-bad_list0]" time="0.051" /><testcase classname="backend.tests.test_iteration102_literals_and_backfill.TestTherapistSignupLiterals" name="test_bad_list_literal_rejected[age_groups-bad_list1]" time="0.056" /><testcase classname="backend.tests.test_iteration102_literals_and_backfill.TestSeededTherapistsBackCompat" name="test_admin_therapists_list_200" time="0.155" /><testcase classname="backend.tests.test_iteration102_literals_and_backfill.TestSeededTherapistsBackCompat" name="test_all_active_have_valid_enum_values" time="0.113" /><testcase classname="backend.tests.test_iteration102_literals_and_backfill.TestRegression" name="test_prelaunch_invite_template_present" time="0.048" /><testcase classname="backend.tests.test_iteration102_literals_and_backfill.TestRegression" name="test_score_cap_99" time="0.002" /></testsuite></testsuites>