<?xml version="1.0" encoding="utf-8"?><testsuites name="pytest tests"><testsuite name="pytest" errors="0" failures="0" skipped="0" tests="3" time="3.055" timestamp="2026-04-28T11:22:05.865722+00:00" hostname="agent-env-23b94589-1b76-4fdc-8dc9-4b69ec6bdf34"><testcase classname="tests.test_iteration51_extras.TestBruteForceLockout" name="test_lockout_after_5_failures" time="2.447" /><testcase classname="tests.test_iteration51_extras.TestPortalPatientRequestsShape" name="test_returns_dict_with_keys" time="0.413" /><testcase classname="tests.test_iteration51_extras.TestTherapistReferralsHasPassword" name="test_payload_has_has_password" time="0.129" /></testsuite></testsuites>