<?xml version="1.0" encoding="utf-8"?><testsuites name="pytest tests"><testsuite name="pytest" errors="0" failures="0" skipped="0" tests="6" time="2.217" timestamp="2026-04-27T01:35:45.178124+00:00" hostname="agent-env-23b94589-1b76-4fdc-8dc9-4b69ec6bdf34"><testcase classname="backend.tests.test_iteration11_portal_and_topreasons" name="test_portal_referrals_returns_enriched_profile" time="0.574" /><testcase classname="backend.tests.test_iteration11_portal_and_topreasons" name="test_portal_referrals_requires_therapist_role" time="0.129" /><testcase classname="backend.tests.test_iteration11_portal_and_topreasons" name="test_availability_confirm_clears_flag_and_persists_windows" time="0.253" /><testcase classname="backend.tests.test_iteration11_portal_and_topreasons" name="test_availability_confirm_requires_session" time="0.128" /><testcase classname="backend.tests.test_iteration11_portal_and_topreasons" name="test_license_warn_30_sent_at_flag_set_after_run" time="0.977" /><testcase classname="backend.tests.test_iteration11_portal_and_topreasons" name="test_top_reasons_sort_uses_raw_score_no_threshold" time="0.000" /></testsuite></testsuites>