<?xml version="1.0" encoding="utf-8"?><testsuites name="pytest tests"><testsuite name="pytest" errors="0" failures="0" skipped="0" tests="9" time="5.323" timestamp="2026-04-28T18:15:14.130974+00:00" hostname="agent-env-23b94589-1b76-4fdc-8dc9-4b69ec6bdf34"><testcase classname="backend.tests.test_iteration62_scrape_test.TestScrapeSourcesTestEndpoint" name="test_pt_boise_jsonld" time="2.306" /><testcase classname="backend.tests.test_iteration62_scrape_test.TestScrapeSourcesTestEndpoint" name="test_invalid_url_graceful" time="0.236" /><testcase classname="backend.tests.test_iteration62_scrape_test.TestScrapeSourcesTestEndpoint" name="test_missing_url_400" time="0.252" /><testcase classname="backend.tests.test_iteration62_scrape_test.TestScrapeSourcesTestEndpoint" name="test_auth_required_no_header" time="0.193" /><testcase classname="backend.tests.test_iteration62_scrape_test.TestScrapeSourcesTestEndpoint" name="test_auth_required_bad_password" time="0.121" /><testcase classname="backend.tests.test_iteration62_scrape_test.TestRegressionIter61" name="test_scrape_sources_get" time="0.177" /><testcase classname="backend.tests.test_iteration62_scrape_test.TestRegressionIter61" name="test_rate_limit_get" time="0.124" /><testcase classname="backend.tests.test_iteration62_scrape_test.TestExternalScraperBudget" name="test_budget_returns_quickly" time="0.139" /><testcase classname="backend.tests.test_iteration62_scrape_test.TestOutreachDedup" name="test_dedupe_by_name_city" time="1.712" /></testsuite></testsuites>