<?xml version="1.0" encoding="utf-8"?><testsuites name="pytest tests"><testsuite name="pytest" errors="0" failures="0" skipped="1" tests="12" time="2.875" timestamp="2026-04-30T00:08:20.689088+00:00" hostname="agent-env-23b94589-1b76-4fdc-8dc9-4b69ec6bdf34"><testcase classname="backend.tests.test_iteration99_languages_hardcap_turnstile.TestTask1LanguagesCleanup" name="test_no_garbage_in_languages_spoken" time="0.084" /><testcase classname="backend.tests.test_iteration99_languages_hardcap_turnstile.TestTask4OutreachWording" name="test_outreach_agent_module_uses_your_practice" time="0.000" /><testcase classname="backend.tests.test_iteration99_languages_hardcap_turnstile.TestTask4OutreachWording" name="test_outreach_invite_rationale_contains_your" time="0.168"><skipped type="pytest.skip" message="outreach-invites endpoint returned 404">/app/backend/tests/test_iteration99_languages_hardcap_turnstile.py:63: outreach-invites endpoint returned 404</skipped></testcase><testcase classname="backend.tests.test_iteration99_languages_hardcap_turnstile.TestTask3Turnstile" name="test_public_turnstile_config_shape" time="0.264" /><testcase classname="backend.tests.test_iteration99_languages_hardcap_turnstile.TestTask3Turnstile" name="test_admin_get_settings_shape" time="0.265" /><testcase classname="backend.tests.test_iteration99_languages_hardcap_turnstile.TestTask3Turnstile" name="test_toggle_disable_then_enable" time="0.900" /><testcase classname="backend.tests.test_iteration99_languages_hardcap_turnstile.TestTask3Turnstile" name="test_verify_token_short_circuits_when_disabled" time="0.462" /><testcase classname="backend.tests.test_iteration99_languages_hardcap_turnstile.TestTask2HardCapacity" name="test_public_hard_capacity_shape" time="0.117" /><testcase classname="backend.tests.test_iteration99_languages_hardcap_turnstile.TestTask2HardCapacity" name="test_public_hard_capacity_excludes_raw_counts" time="0.144" /><testcase classname="backend.tests.test_iteration99_languages_hardcap_turnstile.TestTask2HardCapacity" name="test_admin_hard_capacity_includes_counts" time="0.116" /><testcase classname="backend.tests.test_iteration99_languages_hardcap_turnstile.TestTask2HardCapacity" name="test_expected_disabled_options_present" time="0.122" /><testcase classname="backend.tests.test_iteration99_languages_hardcap_turnstile.TestTask2HardCapacity" name="test_protections_have_axis_value_count_label" time="0.140" /></testsuite></testsuites>