<?xml version="1.0" encoding="utf-8"?><testsuites name="pytest tests"><testsuite name="pytest" errors="0" failures="0" skipped="0" tests="12" time="3.727" timestamp="2026-04-28T22:59:54.270356+00:00" hostname="agent-env-23b94589-1b76-4fdc-8dc9-4b69ec6bdf34"><testcase classname="backend.tests.test_iteration70_iter70_features.TestEmailTemplatePreview" name="test_preview_verification_default" time="0.222" /><testcase classname="backend.tests.test_iteration70_iter70_features.TestEmailTemplatePreview" name="test_preview_patient_results_default" time="0.125" /><testcase classname="backend.tests.test_iteration70_iter70_features.TestEmailTemplatePreview" name="test_preview_therapist_notification_default" time="0.133" /><testcase classname="backend.tests.test_iteration70_iter70_features.TestEmailTemplatePreview" name="test_preview_draft_overrides_without_persisting" time="0.347" /><testcase classname="backend.tests.test_iteration70_iter70_features.TestEmailTemplatePreview" name="test_preview_invalid_key_returns_404" time="0.164" /><testcase classname="backend.tests.test_iteration70_iter70_features.TestMatchingNoPrefStrictIdentity" name="test_strict_identity_with_no_gender_pref_does_not_zero" time="0.001" /><testcase classname="backend.tests.test_iteration70_iter70_features.TestMultiSearchSmoke" name="test_multi_search_does_not_raise" time="0.458" /><testcase classname="backend.tests.test_iteration70_iter70_features.TestTurnstileFailSoft" name="test_verify_token_unset_returns_true" time="0.001" /><testcase classname="backend.tests.test_iteration70_iter70_features.TestTurnstileFailSoft" name="test_intake_without_turnstile_token_returns_200" time="0.445" /><testcase classname="backend.tests.test_iteration70_iter70_features.TestResponseQualityBlock" name="test_response_quality_present_with_anxiety_and_action" time="0.691" /><testcase classname="backend.tests.test_iteration70_iter70_features.TestMatchGapPatientVerified" name="test_unverified_request_match_gap_patient_verified_false" time="0.557" /><testcase classname="backend.tests.test_iteration70_iter70_features.TestMatchGapPatientVerified" name="test_verified_request_match_gap_patient_verified_true" time="0.425" /></testsuite></testsuites>