<?xml version="1.0" encoding="utf-8"?><testsuites name="pytest tests"><testsuite name="pytest" errors="0" failures="0" skipped="0" tests="20" time="10.503" timestamp="2026-04-28T17:57:11.096774+00:00" hostname="agent-env-23b94589-1b76-4fdc-8dc9-4b69ec6bdf34"><testcase classname="backend.tests.test_iteration61_admin_extras.TestMasterQuerySnapshot" name="test_snapshot_has_geo_aggregates" time="0.251" /><testcase classname="backend.tests.test_iteration61_admin_extras.TestMasterQuerySnapshot" name="test_snapshot_requires_admin" time="0.115" /><testcase classname="backend.tests.test_iteration61_admin_extras.TestMasterQueryAnswer" name="test_boise_question" time="6.911" /><testcase classname="backend.tests.test_iteration61_admin_extras.TestMasterQueryAnswer" name="test_empty_question_400" time="0.142" /><testcase classname="backend.tests.test_iteration61_admin_extras.TestIntakeRateLimit" name="test_get_returns_defaults_or_persisted" time="0.165" /><testcase classname="backend.tests.test_iteration61_admin_extras.TestIntakeRateLimit" name="test_put_accepts_bounds" time="0.227" /><testcase classname="backend.tests.test_iteration61_admin_extras.TestIntakeRateLimit" name="test_put_boundary_inclusive[1-1]" time="0.152" /><testcase classname="backend.tests.test_iteration61_admin_extras.TestIntakeRateLimit" name="test_put_boundary_inclusive[1000-43200]" time="0.160" /><testcase classname="backend.tests.test_iteration61_admin_extras.TestIntakeRateLimit" name="test_put_boundary_rejects[0-60-max_requests_per_window]" time="0.161" /><testcase classname="backend.tests.test_iteration61_admin_extras.TestIntakeRateLimit" name="test_put_boundary_rejects[1001-60-max_requests_per_window]" time="0.163" /><testcase classname="backend.tests.test_iteration61_admin_extras.TestIntakeRateLimit" name="test_put_boundary_rejects[5-0-window_minutes]" time="0.117" /><testcase classname="backend.tests.test_iteration61_admin_extras.TestIntakeRateLimit" name="test_put_boundary_rejects[5-43201-window_minutes]" time="0.223" /><testcase classname="backend.tests.test_iteration61_admin_extras.TestScrapeSources" name="test_get_initial_returns_list" time="0.329" /><testcase classname="backend.tests.test_iteration61_admin_extras.TestScrapeSources" name="test_put_two_valid_sources_persists" time="0.285" /><testcase classname="backend.tests.test_iteration61_admin_extras.TestScrapeSources" name="test_put_invalid_url_400" time="0.124" /><testcase classname="backend.tests.test_iteration61_admin_extras.TestScrapeSources" name="test_put_missing_url_400" time="0.150" /><testcase classname="backend.tests.test_iteration61_admin_extras.TestScrapeSources" name="test_put_over_50_400" time="0.120" /><testcase classname="backend.tests.test_iteration61_admin_extras.TestScrapeSources" name="test_put_non_list_400" time="0.134" /><testcase classname="backend.tests.test_iteration61_admin_extras.TestScrapeSources" name="test_requires_admin" time="0.269" /><testcase classname="backend.tests.test_iteration61_admin_extras.TestRegression" name="test_admin_stats_ok" time="0.209" /></testsuite></testsuites>