<?xml version="1.0" encoding="utf-8"?><testsuites name="pytest tests"><testsuite name="pytest" errors="0" failures="0" skipped="0" tests="23" time="8.188" timestamp="2026-04-26T20:28:55.735851+00:00" hostname="agent-env-23b94589-1b76-4fdc-8dc9-4b69ec6bdf34"><testcase classname="backend.tests.test_iteration7_intake_matching.TestSeedV2" name="test_seed_v2_has_100" time="0.320" /><testcase classname="backend.tests.test_iteration7_intake_matching.TestSeedV2" name="test_seed_v2_schema_fields" time="0.000" /><testcase classname="backend.tests.test_iteration7_intake_matching.TestRequestFlow" name="test_create_request_v2" time="0.360" /><testcase classname="backend.tests.test_iteration7_intake_matching.TestRequestFlow" name="test_verify_triggers_matching" time="1.854" /><testcase classname="backend.tests.test_iteration7_intake_matching.TestHardFilters" name="test_state_mismatch_zero" time="0.059" /><testcase classname="backend.tests.test_iteration7_intake_matching.TestHardFilters" name="test_couples_filter" time="0.001" /><testcase classname="backend.tests.test_iteration7_intake_matching.TestHardFilters" name="test_child_age_group_filter" time="0.001" /><testcase classname="backend.tests.test_iteration7_intake_matching.TestHardFilters" name="test_insurance_aetna_filter" time="0.000" /><testcase classname="backend.tests.test_iteration7_intake_matching.TestHardFilters" name="test_telehealth_only_filter" time="0.001" /><testcase classname="backend.tests.test_iteration7_intake_matching.TestHardFilters" name="test_in_person_only_filter" time="0.001" /><testcase classname="backend.tests.test_iteration7_intake_matching.TestHardFilters" name="test_gender_required_female" time="0.001" /><testcase classname="backend.tests.test_iteration7_intake_matching.TestHardFilters" name="test_gender_not_required_no_filter" time="0.001" /><testcase classname="backend.tests.test_iteration7_intake_matching.TestScoring" name="test_perfect_match_near_100" time="0.000" /><testcase classname="backend.tests.test_iteration7_intake_matching.TestScoring" name="test_score_breakdown_structure" time="0.000" /><testcase classname="backend.tests.test_iteration7_intake_matching.TestSendLogic" name="test_typical_request_under_30_above_threshold" time="2.015" /><testcase classname="backend.tests.test_iteration7_intake_matching.TestTherapistSignupV2" name="test_signup_with_new_fields" time="0.168" /><testcase classname="backend.tests.test_iteration7_intake_matching.TestPatientReranking" name="test_longer_message_ranks_higher_when_scores_tie" time="2.918" /><testcase classname="backend.tests.test_iteration7_intake_matching.TestRegression" name="test_admin_stats" time="0.080" /><testcase classname="backend.tests.test_iteration7_intake_matching.TestRegression" name="test_admin_login_correct" time="0.049" /><testcase classname="backend.tests.test_iteration7_intake_matching.TestRegression" name="test_admin_login_wrong" time="0.049" /><testcase classname="backend.tests.test_iteration7_intake_matching.TestRegression" name="test_root" time="0.060" /><testcase classname="backend.tests.test_iteration7_intake_matching.TestRegression" name="test_request_code_patient" time="0.066" /><testcase classname="backend.tests.test_iteration7_intake_matching.TestRegression" name="test_admin_list_requests" time="0.071" /></testsuite></testsuites>