<?xml version="1.0" encoding="utf-8"?><testsuites name="pytest tests"><testsuite name="pytest" errors="0" failures="1" skipped="0" tests="11" time="3.903" timestamp="2026-04-27T14:50:25.242010+00:00" hostname="agent-env-23b94589-1b76-4fdc-8dc9-4b69ec6bdf34"><testcase classname="test_iteration24_referral_admin.TestPublicReferralOptions" name="test_public_returns_default_7" time="0.532" /><testcase classname="test_iteration24_referral_admin.TestAdminAuth" name="test_get_requires_admin_password" time="0.236" /><testcase classname="test_iteration24_referral_admin.TestAdminAuth" name="test_get_with_admin_password_ok" time="0.254" /><testcase classname="test_iteration24_referral_admin.TestAdminAuth" name="test_put_requires_admin_password" time="0.252" /><testcase classname="test_iteration24_referral_admin.TestAdminPut" name="test_put_persists_and_reflects_on_public" time="0.517" /><testcase classname="test_iteration24_referral_admin.TestAdminPut" name="test_put_rejects_empty_list" time="0.310"><failure message="assert 200 == 400&#10; +  where 200 = &lt;Response [200]&gt;.status_code">test_iteration24_referral_admin.py:121: in test_put_rejects_empty_list
    assert r.status_code == 400
E   assert 200 == 400
E    +  where 200 = &lt;Response [200]&gt;.status_code</failure></testcase><testcase classname="test_iteration24_referral_admin.TestAdminPut" name="test_put_rejects_non_string_entries" time="0.242" /><testcase classname="test_iteration24_referral_admin.TestAdminPut" name="test_put_rejects_blank_string_entries" time="0.231" /><testcase classname="test_iteration24_referral_admin.TestEmailTemplateCopy" name="test_therapist_signup_received_has_new_copy" time="0.247" /><testcase classname="test_iteration24_referral_admin.TestPatientRequestPayload" name="test_post_requests_accepts_referral_source_string" time="0.527" /><testcase classname="test_iteration24_referral_admin.TestPatientRequestPayload" name="test_post_requests_accepts_other_colon_prefix" time="0.454" /></testsuite></testsuites>