<?xml version="1.0" encoding="utf-8"?><testsuites name="pytest tests"><testsuite name="pytest" errors="0" failures="0" skipped="0" tests="13" time="3.848" timestamp="2026-04-28T12:03:36.458150+00:00" hostname="agent-env-23b94589-1b76-4fdc-8dc9-4b69ec6bdf34"><testcase classname="backend.tests.test_iteration53_admin_team.TestAdminTeamLifecycle" name="test_01_invite" time="0.377" /><testcase classname="backend.tests.test_iteration53_admin_team.TestAdminTeamLifecycle" name="test_02_invite_duplicate_409" time="0.142" /><testcase classname="backend.tests.test_iteration53_admin_team.TestAdminTeamLifecycle" name="test_03_invite_short_password_400" time="0.105" /><testcase classname="backend.tests.test_iteration53_admin_team.TestAdminTeamLifecycle" name="test_04_list_team_includes_invitee" time="0.150" /><testcase classname="backend.tests.test_iteration53_admin_team.TestAdminTeamLifecycle" name="test_05_login_with_email_issues_jwt" time="0.325" /><testcase classname="backend.tests.test_iteration53_admin_team.TestAdminTeamLifecycle" name="test_06_jwt_grants_admin_access" time="0.478" /><testcase classname="backend.tests.test_iteration53_admin_team.TestAdminTeamLifecycle" name="test_07_wrong_password_401" time="0.334" /><testcase classname="backend.tests.test_iteration53_admin_team.TestAdminTeamLifecycle" name="test_08_reset_password" time="1.107" /><testcase classname="backend.tests.test_iteration53_admin_team.TestAdminTeamLifecycle" name="test_09_remove_deactivates" time="0.230" /><testcase classname="backend.tests.test_iteration53_admin_team.TestAdminTeamLifecycle" name="test_10_remove_unknown_404" time="0.127" /><testcase classname="backend.tests.test_iteration53_admin_team.TestRequireAdminAcceptsBoth" name="test_master_password_still_works" time="0.121" /><testcase classname="backend.tests.test_iteration53_admin_team.TestRequireAdminAcceptsBoth" name="test_no_credentials_401" time="0.125" /><testcase classname="backend.tests.test_iteration53_admin_team.TestRequireAdminAcceptsBoth" name="test_invalid_bearer_401" time="0.146" /></testsuite></testsuites>