<?xml version="1.0" encoding="utf-8"?><testsuites name="pytest tests"><testsuite name="pytest" errors="0" failures="0" skipped="0" tests="4" time="0.833" timestamp="2026-04-29T13:15:49.467876+00:00" hostname="agent-env-23b94589-1b76-4fdc-8dc9-4b69ec6bdf34"><testcase classname="backend.tests.test_iteration86_backfill" name="test_admin_auth_works" time="0.277" /><testcase classname="backend.tests.test_iteration86_backfill" name="test_backfill_endpoint_runs" time="0.063" /><testcase classname="backend.tests.test_iteration86_backfill" name="test_backfill_audit_contains_iter86_fields" time="0.342" /><testcase classname="backend.tests.test_iteration86_backfill" name="test_followup_backfill_repopulates_after_strip" time="0.073" /></testsuite></testsuites>