<?xml version="1.0" encoding="utf-8"?><testsuites name="pytest tests"><testsuite name="pytest" errors="0" failures="0" skipped="0" tests="9" time="4.186" timestamp="2026-04-28T11:21:36.947588+00:00" hostname="agent-env-23b94589-1b76-4fdc-8dc9-4b69ec6bdf34"><testcase classname="tests.test_iteration51_password_auth.TestPasswordStatus" name="test_unknown_email_is_falsy" time="0.192" /><testcase classname="tests.test_iteration51_password_auth.TestPasswordStatus" name="test_invalid_role_400" time="0.140" /><testcase classname="tests.test_iteration51_password_auth.TestPasswordRoundTripTherapist" name="test_set_password_then_login" time="1.365" /><testcase classname="tests.test_iteration51_password_auth.TestPasswordRoundTripTherapist" name="test_short_password_400" time="0.151" /><testcase classname="tests.test_iteration51_password_auth.TestPasswordRoundTripPatient" name="test_lazy_create_account" time="0.714" /><testcase classname="tests.test_iteration51_password_auth.TestAdminPatientsByEmail" name="test_unauth_blocked" time="0.121" /><testcase classname="tests.test_iteration51_password_auth.TestAdminPatientsByEmail" name="test_returns_aggregate" time="0.148" /><testcase classname="tests.test_iteration51_password_auth.TestVerifyEmailEcho" name="test_verify_returns_email" time="0.449" /><testcase classname="tests.test_iteration51_password_auth.TestPrefillHasAccountFlag" name="test_flag_flips_after_set_password" time="0.838" /></testsuite></testsuites>