<?xml version="1.0" encoding="utf-8"?><testsuites name="pytest tests"><testsuite name="pytest" errors="0" failures="0" skipped="0" tests="4" time="0.556" timestamp="2026-04-28T16:01:12.771721+00:00" hostname="agent-env-23b94589-1b76-4fdc-8dc9-4b69ec6bdf34"><testcase classname="tests.test_iteration59_email_footer.TestEmailFooter" name="test_wrap_contains_support_email_anchor" time="0.140" /><testcase classname="tests.test_iteration59_email_footer.TestEmailFooter" name="test_wrap_anchor_uses_brand_primary_color" time="0.000" /><testcase classname="tests.test_iteration59_email_footer.TestRegressionPublicEndpoints" name="test_site_copy_public_get" time="0.198" /><testcase classname="tests.test_iteration59_email_footer.TestRegressionPublicEndpoints" name="test_therapists_count_public" time="0.157" /></testsuite></testsuites>