<?xml version="1.0" encoding="utf-8"?><testsuites name="pytest tests"><testsuite name="pytest" errors="0" failures="0" skipped="0" tests="13" time="33.240" timestamp="2026-04-28T19:05:31.660386+00:00" hostname="agent-env-23b94589-1b76-4fdc-8dc9-4b69ec6bdf34"><testcase classname="backend.tests.test_iteration64_archive_deep_research.TestSMS" name="test_test_sms_returns_ok_and_sid" time="0.550" /><testcase classname="backend.tests.test_iteration64_archive_deep_research.TestArchiveRestore" name="test_archive_requires_admin" time="0.130" /><testcase classname="backend.tests.test_iteration64_archive_deep_research.TestArchiveRestore" name="test_restore_requires_admin" time="0.194" /><testcase classname="backend.tests.test_iteration64_archive_deep_research.TestArchiveRestore" name="test_archive_then_restore_roundtrip" time="0.353" /><testcase classname="backend.tests.test_iteration64_archive_deep_research.TestArchiveRestore" name="test_archive_nonexistent_returns_404" time="0.109" /><testcase classname="backend.tests.test_iteration64_archive_deep_research.TestDeleteTherapist" name="test_delete_requires_admin" time="0.118" /><testcase classname="backend.tests.test_iteration64_archive_deep_research.TestDeleteTherapist" name="test_delete_nonexistent_returns_404" time="0.162" /><testcase classname="backend.tests.test_iteration64_archive_deep_research.TestDeleteTherapist" name="test_delete_with_applications_returns_409" time="0.232" /><testcase classname="backend.tests.test_iteration64_archive_deep_research.TestDeleteTherapist" name="test_delete_fresh_therapist_succeeds" time="0.113" /><testcase classname="backend.tests.test_iteration64_archive_deep_research.TestDeepResearch" name="test_deep_research_requires_admin" time="0.149" /><testcase classname="backend.tests.test_iteration64_archive_deep_research.TestDeepResearch" name="test_deep_research_nonexistent_returns_404" time="0.111" /><testcase classname="backend.tests.test_iteration64_archive_deep_research.TestDeepResearch" name="test_deep_research_on_real_therapist" time="30.615" /><testcase classname="backend.tests.test_iteration64_archive_deep_research.TestRegressionEnrichedRequest" name="test_existing_request_has_enriched_scores" time="0.259" /></testsuite></testsuites>