<?xml version="1.0" encoding="utf-8"?><testsuites name="pytest tests"><testsuite name="pytest" errors="0" failures="0" skipped="0" tests="13" time="1.394" timestamp="2026-04-29T09:30:35.455841+00:00" hostname="agent-env-23b94589-1b76-4fdc-8dc9-4b69ec6bdf34"><testcase classname="backend.tests.test_iteration34_test_mode" name="test_get_initial_state_off" time="0.261" /><testcase classname="backend.tests.test_iteration34_test_mode" name="test_enable_test_mode_30_minutes" time="0.045" /><testcase classname="backend.tests.test_iteration34_test_mode" name="test_get_reflects_active_test_mode" time="0.089" /><testcase classname="backend.tests.test_iteration34_test_mode" name="test_disable_test_mode_clears" time="0.132" /><testcase classname="backend.tests.test_iteration34_test_mode" name="test_minutes_zero_rejected" time="0.051" /><testcase classname="backend.tests.test_iteration34_test_mode" name="test_minutes_negative_rejected" time="0.083" /><testcase classname="backend.tests.test_iteration34_test_mode" name="test_minutes_too_large_rejected" time="0.042" /><testcase classname="backend.tests.test_iteration34_test_mode" name="test_minutes_max_accepted" time="0.047" /><testcase classname="backend.tests.test_iteration34_test_mode" name="test_minutes_invalid_type_rejected" time="0.049" /><testcase classname="backend.tests.test_iteration34_test_mode" name="test_missing_minutes_uses_default" time="0.044" /><testcase classname="backend.tests.test_iteration34_test_mode" name="test_unauthenticated_post_rejected" time="0.144" /><testcase classname="backend.tests.test_iteration34_test_mode" name="test_unauthenticated_delete_rejected" time="0.136" /><testcase classname="backend.tests.test_iteration34_test_mode" name="test_wrong_password_rejected" time="0.193" /></testsuite></testsuites>