<?xml version="1.0" encoding="utf-8"?><testsuites name="pytest tests"><testsuite name="pytest" errors="0" failures="0" skipped="0" tests="5" time="45.767" timestamp="2026-04-28T14:11:32.080065+00:00" hostname="agent-env-23b94589-1b76-4fdc-8dc9-4b69ec6bdf34"><testcase classname="tests.test_iteration57_match_gap" name="test_dopl_link_uses_new_edopl_url" time="0.253" /><testcase classname="tests.test_iteration57_match_gap" name="test_request_detail_includes_match_gap_when_under_30" time="0.775" /><testcase classname="tests.test_iteration57_match_gap" name="test_pending_therapists_attach_value_tags" time="0.157" /><testcase classname="tests.test_iteration57_match_gap" name="test_non_pending_therapists_have_no_value_tags" time="0.212" /><testcase classname="tests.test_iteration57_auto_outreach" name="test_auto_outreach_fires_on_verify_under_30" time="44.306" /></testsuite></testsuites>