<?xml version="1.0" encoding="utf-8"?><testsuites name="pytest tests"><testsuite name="pytest" errors="0" failures="0" skipped="0" tests="11" time="3.008" timestamp="2026-04-28T13:47:33.299922+00:00" hostname="agent-env-23b94589-1b76-4fdc-8dc9-4b69ec6bdf34"><testcase classname="tests.test_iteration55_rate_limit" name="test_get_intake_rate_limit_defaults" time="0.342" /><testcase classname="tests.test_iteration55_rate_limit" name="test_put_intake_rate_limit_invalid[payload0]" time="0.255" /><testcase classname="tests.test_iteration55_rate_limit" name="test_put_intake_rate_limit_invalid[payload1]" time="0.189" /><testcase classname="tests.test_iteration55_rate_limit" name="test_put_intake_rate_limit_invalid[payload2]" time="0.152" /><testcase classname="tests.test_iteration55_rate_limit" name="test_put_intake_rate_limit_invalid[payload3]" time="0.151" /><testcase classname="tests.test_iteration55_rate_limit" name="test_put_intake_rate_limit_invalid[payload4]" time="0.166" /><testcase classname="tests.test_iteration55_rate_limit" name="test_put_then_get_round_trip" time="0.205" /><testcase classname="tests.test_iteration55_rate_limit" name="test_second_post_blocked_by_default" time="0.522" /><testcase classname="tests.test_iteration55_rate_limit" name="test_raised_limit_allows_second_submission" time="0.647" /><testcase classname="tests.test_iteration55_rate_limit" name="test_get_requires_admin" time="0.158" /><testcase classname="tests.test_iteration55_rate_limit" name="test_put_requires_admin" time="0.151" /></testsuite></testsuites>