<?xml version="1.0" encoding="utf-8"?><testsuites name="pytest tests"><testsuite name="pytest" errors="0" failures="0" skipped="2" tests="9" time="1.653" timestamp="2026-04-29T02:37:43.541505+00:00" hostname="agent-env-23b94589-1b76-4fdc-8dc9-4b69ec6bdf34"><testcase classname="tests.test_iteration33_admin_ratelimit_sitecopy.TestAdminRateLimitEndpoint" name="test_get_returns_three_fields_with_default_ip_cap" time="0.304" /><testcase classname="tests.test_iteration33_admin_ratelimit_sitecopy.TestAdminRateLimitEndpoint" name="test_put_persists_max_per_ip_per_hour" time="0.451" /><testcase classname="tests.test_iteration33_admin_ratelimit_sitecopy.TestAdminRateLimitEndpoint" name="test_put_validates_ip_cap_range" time="0.128" /><testcase classname="tests.test_iteration33_admin_ratelimit_sitecopy.TestPerIpRateLimitFromConfig" name="test_cap_3_means_4th_is_429" time="0.000"><skipped type="pytest.skip" message="Turnstile is strictly enforced (iter71) — /api/requests requires a valid token. End-to-end IP rate-limit gets exercised via frontend with the live widget. The PUT-&gt;config wiring is verified by the admin endpoint tests.">/app/backend/tests/test_iteration33_admin_ratelimit_sitecopy.py:94: Turnstile is strictly enforced (iter71) — /api/requests requires a valid token. End-to-end IP rate-limit gets exercised via frontend with the live widget. The PUT-&gt;config wiring is verified by the admin endpoint tests.</skipped></testcase><testcase classname="tests.test_iteration33_admin_ratelimit_sitecopy.TestSiteCopyHideAndDelete" name="test_put_empty_value_persists" time="0.109" /><testcase classname="tests.test_iteration33_admin_ratelimit_sitecopy.TestSiteCopyHideAndDelete" name="test_admin_get_shows_empty_value" time="0.152" /><testcase classname="tests.test_iteration33_admin_ratelimit_sitecopy.TestSiteCopyHideAndDelete" name="test_public_returns_empty_string" time="0.162" /><testcase classname="tests.test_iteration33_admin_ratelimit_sitecopy.TestSiteCopyHideAndDelete" name="test_delete_removes_row" time="0.265" /><testcase classname="tests.test_iteration33_admin_ratelimit_sitecopy.TestReferralFieldPersistence" name="test_referral_fields_persist_for_results_page" time="0.000"><skipped type="pytest.skip" message="Turnstile strict mode blocks server-side POST /api/requests. Field persistence is verified by frontend Playwright + DB inspection.">/app/backend/tests/test_iteration33_admin_ratelimit_sitecopy.py:179: Turnstile strict mode blocks server-side POST /api/requests. Field persistence is verified by frontend Playwright + DB inspection.</skipped></testcase></testsuite></testsuites>