<?xml version="1.0" encoding="utf-8"?><testsuites name="pytest tests"><testsuite name="pytest" errors="0" failures="0" skipped="0" tests="4" time="1.252" timestamp="2026-04-28T14:07:07.054658+00:00" hostname="agent-env-23b94589-1b76-4fdc-8dc9-4b69ec6bdf34"><testcase classname="tests.test_iteration57_match_gap" name="test_dopl_link_uses_new_edopl_url" time="0.232" /><testcase classname="tests.test_iteration57_match_gap" name="test_request_detail_includes_match_gap_when_under_30" time="0.651" /><testcase classname="tests.test_iteration57_match_gap" name="test_pending_therapists_attach_value_tags" time="0.148" /><testcase classname="tests.test_iteration57_match_gap" name="test_non_pending_therapists_have_no_value_tags" time="0.157" /></testsuite></testsuites>