<?xml version="1.0" encoding="utf-8"?><testsuites name="pytest tests"><testsuite name="pytest" errors="0" failures="0" skipped="0" tests="16" time="5.243" timestamp="2026-04-26T19:18:37.120788+00:00" hostname="agent-env-23b94589-1b76-4fdc-8dc9-4b69ec6bdf34"><testcase classname="backend.tests.test_iteration6_geo.TestHaversine" name="test_boise_to_meridian_about_9_6mi" time="0.000" /><testcase classname="backend.tests.test_iteration6_geo.TestHaversine" name="test_boise_to_idaho_falls_about_200_220" time="0.000" /><testcase classname="backend.tests.test_iteration6_geo.TestHaversine" name="test_zero_distance" time="0.000" /><testcase classname="backend.tests.test_iteration6_geo.TestHaversine" name="test_known_city_count" time="0.000" /><testcase classname="backend.tests.test_iteration6_geo.TestBackfill" name="test_seed_therapists_have_office_geos" time="0.169" /><testcase classname="backend.tests.test_iteration6_geo.TestRequestGeocoding" name="test_create_with_known_city_no_zip" time="0.330" /><testcase classname="backend.tests.test_iteration6_geo.TestRequestGeocoding" name="test_create_with_zip_uses_nominatim" time="3.782" /><testcase classname="backend.tests.test_iteration6_geo.TestRequestGeocoding" name="test_virtual_request_geo_set_but_matching_ignores" time="0.295" /><testcase classname="backend.tests.test_iteration6_geo.TestAdminRequestDetailDistance" name="test_notified_distances_and_distance_miles" time="0.056" /><testcase classname="backend.tests.test_iteration6_geo.TestTherapistSignupGeo" name="test_signup_geocodes_offices" time="0.109" /><testcase classname="backend.tests.test_iteration6_geo.TestRegressions" name="test_root" time="0.050" /><testcase classname="backend.tests.test_iteration6_geo.TestRegressions" name="test_admin_login_ok" time="0.046" /><testcase classname="backend.tests.test_iteration6_geo.TestRegressions" name="test_admin_login_bad" time="0.046" /><testcase classname="backend.tests.test_iteration6_geo.TestRegressions" name="test_portal_me_missing_token" time="0.047" /><testcase classname="backend.tests.test_iteration6_geo.TestRegressions" name="test_auth_request_code_invalid_role" time="0.046" /><testcase classname="backend.tests.test_iteration6_geo.TestRegressions" name="test_admin_stats_includes_therapists" time="0.059" /></testsuite></testsuites>