<?xml version="1.0" encoding="utf-8"?><testsuites name="pytest tests"><testsuite name="pytest" errors="0" failures="0" skipped="0" tests="3" time="3.347" timestamp="2026-04-28T19:27:13.023970+00:00" hostname="agent-env-23b94589-1b76-4fdc-8dc9-4b69ec6bdf34"><testcase classname="backend.tests.test_iteration65_sms_a2p" name="test_test_sms_default_recipient_returns_a2p_30034" time="1.662" /><testcase classname="backend.tests.test_iteration65_sms_a2p" name="test_test_sms_custom_payload_routes_to_override_still_surfaces_error" time="1.459" /><testcase classname="backend.tests.test_iteration65_sms_a2p" name="test_test_sms_rejects_without_admin" time="0.165" /></testsuite></testsuites>