<?xml version="1.0" encoding="utf-8"?><testsuites name="pytest tests"><testsuite name="pytest" errors="0" failures="0" skipped="1" tests="13" time="6.139" timestamp="2026-04-26T12:44:25.313580+00:00" hostname="agent-env-23b94589-1b76-4fdc-8dc9-4b69ec6bdf34"><testcase classname="tests.backend_test" name="test_root" time="0.206" /><testcase classname="tests.backend_test" name="test_admin_login_wrong" time="0.050" /><testcase classname="tests.backend_test" name="test_admin_login_ok" time="0.056" /><testcase classname="tests.backend_test" name="test_admin_stats_unauth" time="0.043" /><testcase classname="tests.backend_test" name="test_admin_stats" time="0.044" /><testcase classname="tests.backend_test" name="test_admin_therapists" time="0.063" /><testcase classname="tests.backend_test" name="test_request_created" time="0.058" /><testcase classname="tests.backend_test" name="test_verify_and_match" time="0.054"><skipped type="pytest.skip" message="verification_token not exposed via API; covered manually in next step">/app/backend/tests/backend_test.py:72: verification_token not exposed via API; covered manually in next step</skipped></testcase><testcase classname="tests.backend_test" name="test_therapist_apply_unnotified_403" time="0.092" /><testcase classname="tests.backend_test" name="test_request_results_empty" time="0.046" /><testcase classname="tests.backend_test" name="test_threshold_update" time="0.046" /><testcase classname="tests.backend_test" name="test_admin_list_requests" time="0.043" /><testcase classname="tests.backend_test" name="test_full_verify_match_flow" time="5.267" /></testsuite></testsuites>